SQ8 Right-Handed

M : 0 [3](-3.24743,-0.76686,-2.66571) 4.27082
M : 1 [3](-3.88175,14.0546,-5.77063) 15.6812
M : 2 [3](-16.4398,-7.43596,-4.63297) 18.6286
M : 3 [3](-3.19024,6.68639,0.724991) 7.44386
M : 4 [3](-2.12732,-0.328053,0.407553) 2.19071
M : 5 [3](-1.14018,2.91263,2.77042) 4.17836
M : 6 [3](-0.575741,0.267383,0.564075) 0.849206
M : 7 [3](5.11158,-3.00979,-10.4871) 12.0485
M : 640.055
M : 2389.46
M : -3186.3
M : -1925.23
M : 153.279
M : 66.7248
M : -2.9634
M : 1864.97

SQ8 Left-Handed
M : 0 [3](-3.72011,1.5226,-0.110633) 4.02116
M : 1 [3](-7.44044,9.27973,-1.31467) 11.9667
M : 2 [3](10.9887,6.48558,-13.4777) 18.5596
M : 3 [3](6.82994,-6.6844,2.04925) 9.77388
M : 4 [3](0.317923,-0.820159,-1.13955) 1.43955
M : 5 [3](4.08884,0.535209,2.48122) 4.81264
M : 6 [3](-0.430704,0.423227,1.44849) 1.56932
M : 7 [3](-8.36973,-6.22381,-9.94358) 14.4105
M : -329.98
M : -1951.45
M : 1947.38
M : 2768.09
M : -82.5293
M : -84.6695
M : -83.0835
M : -2183.76

SQ16 Right-Handed
M : 0 [3](6.64338,3.92144,0.157756) 7.71603
M : 1 [3](-1.38891,1.9654,-1.70476) 2.94925
M : 2 [3](7.77957,3.49424,3.76898) 9.32399
M : 3 [3](5.33216,-20.138,7.3999) 22.1073
M : 4 [3](-20.8807,-8.58686,-6.24392) 23.4249
M : 5 [3](-3.34237,7.19951,-1.05135) 8.00686
M : 6 [3](-5.10536,-2.98273,-1.55645) 6.11424
M : 7 [3](-2.91171,5.00435,0.980659) 5.87225
M : 8 [3](-1.14006,0.586485,1.06147) 1.66446
M : 9 [3](-0.41414,1.14023,1.21256) 1.71521
M : 10 [3](-1.34469,-0.487326,-0.11709) 1.43505
M : 11 [3](-0.798407,3.22055,2.52581) 4.17003
M : 12 [3](1.3905,-0.120936,-0.555029) 1.50205
M : 13 [3](-1.93094,0.350958,3.68391) 4.17408
M : 14 [3](0.858095,-0.142318,-1.07054) 1.37936
M : 15 [3](7.04516,-4.77223,-14.8891) 17.1492
M : 1027.69
M : -351.686
M : 4520.21
M : 8378.47
M : -11920.9
M : -5948.02
M : 1466.18
M : -1181.69
M : 32.8907
M : 7.8695
M : 102.779
M : 21.4214
M : -51.1511
M : 257.591
M : 25.5853
M : 3612.78


SQ16 Left-Handed
M : 0 [3](0.16632,2.84063,-2.30808) 3.66388
M : 1 [3](4.28075,-2.69814,0.364497) 5.07323
M : 2 [3](-2.88248,-1.98494,2.11676) 4.09016
M : 3 [3](7.75382,-4.60306,-8.5911) 12.4546
M : 4 [3](-1.91668,-16.6449,17.5508) 24.2644
M : 5 [3](-16.2067,9.35746,4.88033) 19.34
M : 6 [3](-2.22454,0.245801,-2.6663) 3.48111
M : 7 [3](-3.42433,2.68295,2.29265) 4.91737
M : 8 [3](-0.662643,-2.05448,0.666109) 2.25913
M : 9 [3](3.63196,0.936522,1.03672) 3.8914
M : 10 [3](0.122806,-0.697622,1.62253) 1.77042
M : 11 [3](3.22839,0.835633,0.122184) 3.33702
M : 12 [3](-0.0318855,-0.259044,-1.07102) 1.10237
M : 13 [3](5.87872,2.80526,3.57171) 7.42872
M : 14 [3](1.17769,-0.221035,-4.46318) 4.62124
M : 15 [3](-13.3825,-9.38925,-8.9339) 18.6297
M : -147.097
M : -394.885
M : -880.517
M : -5695.12
M : -943.983
M : 11265.3
M : 1257.31
M : -153.562
M : 523.985
M : -166.266
M : 133.174
M : -184.899
M : -70.4808
M : -599.043
M : 40.2587
M : -3984.18
